<?xml version="1.0" encoding="UTF-8"?>
<testsuite xmlns:xsi="http://www.w3.org/2001/XMLSchema-instance" xsi:noNamespaceSchemaLocation="https://maven.apache.org/surefire/maven-surefire-plugin/xsd/surefire-test-report.xsd" name="com.iiitb.CourierManagement.CourierManagementApplicationTests" time="2.933" tests="1" errors="0" skipped="0" failures="0">
  <properties>
    <property name="java.specification.version" value="17"/>
    <property name="sun.jnu.encoding" value="UTF-8"/>
    <property name="java.class.path" value="/Users/architsangal/Data/Projects/Courier-Management-Application/backend/target/test-classes:/Users/architsangal/Data/Projects/Courier-Management-Application/backend/target/classes:/Users/architsangal/.m2/repository/org/springframework/boot/spring-boot-starter/2.5.13/spring-boot-starter-2.5.13.jar:/Users/architsangal/.m2/repository/org/springframework/boot/spring-boot/2.4.5/spring-boot-2.4.5.jar:/Users/architsangal/.m2/repository/org/springframework/spring-context/5.3.6/spring-context-5.3.6.jar:/Users/architsangal/.m2/repository/org/springframework/boot/spring-boot-autoconfigure/2.4.5/spring-boot-autoconfigure-2.4.5.jar:/Users/architsangal/.m2/repository/org/springframework/boot/spring-boot-starter-logging/2.4.5/spring-boot-starter-logging-2.4.5.jar:/Users/architsangal/.m2/repository/ch/qos/logback/logback-classic/1.2.3/logback-classic-1.2.3.jar:/Users/architsangal/.m2/repository/ch/qos/logback/logback-core/1.2.3/logback-core-1.2.3.jar:/Users/architsangal/.m2/repository/org/apache/logging/log4j/log4j-to-slf4j/2.13.3/log4j-to-slf4j-2.13.3.jar:/Users/architsangal/.m2/repository/org/apache/logging/log4j/log4j-api/2.13.3/log4j-api-2.13.3.jar:/Users/architsangal/.m2/repository/org/slf4j/jul-to-slf4j/1.7.30/jul-to-slf4j-1.7.30.jar:/Users/architsangal/.m2/repository/jakarta/annotation/jakarta.annotation-api/1.3.5/jakarta.annotation-api-1.3.5.jar:/Users/architsangal/.m2/repository/org/springframework/spring-core/5.3.6/spring-core-5.3.6.jar:/Users/architsangal/.m2/repository/org/springframework/spring-jcl/5.3.6/spring-jcl-5.3.6.jar:/Users/architsangal/.m2/repository/org/yaml/snakeyaml/1.27/snakeyaml-1.27.jar:/Users/architsangal/.m2/repository/org/springframework/boot/spring-boot-starter-test/2.5.13/spring-boot-starter-test-2.5.13.jar:/Users/architsangal/.m2/repository/org/springframework/boot/spring-boot-test/2.4.5/spring-boot-test-2.4.5.jar:/Users/architsangal/.m2/repository/org/springframework/boot/spring-boot-test-autoconfigure/2.4.5/spring-boot-test-autoconfigure-2.4.5.jar:/Users/architsangal/.m2/repository/com/jayway/jsonpath/json-path/2.4.0/json-path-2.4.0.jar:/Users/architsangal/.m2/repository/net/minidev/json-smart/2.3/json-smart-2.3.jar:/Users/architsangal/.m2/repository/net/minidev/accessors-smart/1.2/accessors-smart-1.2.jar:/Users/architsangal/.m2/repository/org/ow2/asm/asm/5.0.4/asm-5.0.4.jar:/Users/architsangal/.m2/repository/org/slf4j/slf4j-api/1.7.30/slf4j-api-1.7.30.jar:/Users/architsangal/.m2/repository/jakarta/xml/bind/jakarta.xml.bind-api/2.3.3/jakarta.xml.bind-api-2.3.3.jar:/Users/architsangal/.m2/repository/jakarta/activation/jakarta.activation-api/1.2.2/jakarta.activation-api-1.2.2.jar:/Users/architsangal/.m2/repository/org/assertj/assertj-core/3.18.1/assertj-core-3.18.1.jar:/Users/architsangal/.m2/repository/org/hamcrest/hamcrest/2.2/hamcrest-2.2.jar:/Users/architsangal/.m2/repository/org/junit/jupiter/junit-jupiter/5.7.1/junit-jupiter-5.7.1.jar:/Users/architsangal/.m2/repository/org/junit/jupiter/junit-jupiter-api/5.7.1/junit-jupiter-api-5.7.1.jar:/Users/architsangal/.m2/repository/org/apiguardian/apiguardian-api/1.1.0/apiguardian-api-1.1.0.jar:/Users/architsangal/.m2/repository/org/opentest4j/opentest4j/1.2.0/opentest4j-1.2.0.jar:/Users/architsangal/.m2/repository/org/junit/platform/junit-platform-commons/1.7.1/junit-platform-commons-1.7.1.jar:/Users/architsangal/.m2/repository/org/junit/jupiter/junit-jupiter-params/5.7.1/junit-jupiter-params-5.7.1.jar:/Users/architsangal/.m2/repository/org/junit/jupiter/junit-jupiter-engine/5.7.1/junit-jupiter-engine-5.7.1.jar:/Users/architsangal/.m2/repository/org/junit/platform/junit-platform-engine/1.7.1/junit-platform-engine-1.7.1.jar:/Users/architsangal/.m2/repository/org/mockito/mockito-core/3.6.28/mockito-core-3.6.28.jar:/Users/architsangal/.m2/repository/net/bytebuddy/byte-buddy/1.10.22/byte-buddy-1.10.22.jar:/Users/architsangal/.m2/repository/net/bytebuddy/byte-buddy-agent/1.10.22/byte-buddy-agent-1.10.22.jar:/Users/architsangal/.m2/repository/org/objenesis/objenesis/3.1/objenesis-3.1.jar:/Users/architsangal/.m2/repository/org/mockito/mockito-junit-jupiter/3.6.28/mockito-junit-jupiter-3.6.28.jar:/Users/architsangal/.m2/repository/org/skyscreamer/jsonassert/1.5.0/jsonassert-1.5.0.jar:/Users/architsangal/.m2/repository/com/vaadin/external/google/android-json/0.0.20131108.vaadin1/android-json-0.0.20131108.vaadin1.jar:/Users/architsangal/.m2/repository/org/springframework/spring-test/5.3.6/spring-test-5.3.6.jar:/Users/architsangal/.m2/repository/org/xmlunit/xmlunit-core/2.7.0/xmlunit-core-2.7.0.jar:/Users/architsangal/.m2/repository/org/springframework/boot/spring-boot-starter-data-jpa/2.5.13/spring-boot-starter-data-jpa-2.5.13.jar:/Users/architsangal/.m2/repository/org/springframework/boot/spring-boot-starter-aop/2.4.5/spring-boot-starter-aop-2.4.5.jar:/Users/architsangal/.m2/repository/org/aspectj/aspectjweaver/1.9.6/aspectjweaver-1.9.6.jar:/Users/architsangal/.m2/repository/org/springframework/boot/spring-boot-starter-jdbc/2.4.5/spring-boot-starter-jdbc-2.4.5.jar:/Users/architsangal/.m2/repository/com/zaxxer/HikariCP/3.4.5/HikariCP-3.4.5.jar:/Users/architsangal/.m2/repository/org/springframework/spring-jdbc/5.3.6/spring-jdbc-5.3.6.jar:/Users/architsangal/.m2/repository/jakarta/transaction/jakarta.transaction-api/1.3.3/jakarta.transaction-api-1.3.3.jar:/Users/architsangal/.m2/repository/jakarta/persistence/jakarta.persistence-api/2.2.3/jakarta.persistence-api-2.2.3.jar:/Users/architsangal/.m2/repository/org/hibernate/hibernate-core/5.4.30.Final/hibernate-core-5.4.30.Final.jar:/Users/architsangal/.m2/repository/org/jboss/logging/jboss-logging/3.4.1.Final/jboss-logging-3.4.1.Final.jar:/Users/architsangal/.m2/repository/org/javassist/javassist/3.27.0-GA/javassist-3.27.0-GA.jar:/Users/architsangal/.m2/repository/antlr/antlr/2.7.7/antlr-2.7.7.jar:/Users/architsangal/.m2/repository/org/jboss/jandex/2.2.3.Final/jandex-2.2.3.Final.jar:/Users/architsangal/.m2/repository/com/fasterxml/classmate/1.5.1/classmate-1.5.1.jar:/Users/architsangal/.m2/repository/org/dom4j/dom4j/2.1.3/dom4j-2.1.3.jar:/Users/architsangal/.m2/repository/org/hibernate/common/hibernate-commons-annotations/5.1.2.Final/hibernate-commons-annotations-5.1.2.Final.jar:/Users/architsangal/.m2/repository/org/glassfish/jaxb/jaxb-runtime/2.3.4/jaxb-runtime-2.3.4.jar:/Users/architsangal/.m2/repository/org/glassfish/jaxb/txw2/2.3.4/txw2-2.3.4.jar:/Users/architsangal/.m2/repository/com/sun/istack/istack-commons-runtime/3.0.12/istack-commons-runtime-3.0.12.jar:/Users/architsangal/.m2/repository/com/sun/activation/jakarta.activation/1.2.2/jakarta.activation-1.2.2.jar:/Users/architsangal/.m2/repository/org/springframework/data/spring-data-jpa/2.4.8/spring-data-jpa-2.4.8.jar:/Users/architsangal/.m2/repository/org/springframework/data/spring-data-commons/2.4.8/spring-data-commons-2.4.8.jar:/Users/architsangal/.m2/repository/org/springframework/spring-orm/5.3.6/spring-orm-5.3.6.jar:/Users/architsangal/.m2/repository/org/springframework/spring-tx/5.3.6/spring-tx-5.3.6.jar:/Users/architsangal/.m2/repository/org/springframework/spring-beans/5.3.6/spring-beans-5.3.6.jar:/Users/architsangal/.m2/repository/org/springframework/spring-aspects/5.3.6/spring-aspects-5.3.6.jar:/Users/architsangal/.m2/repository/org/springframework/boot/spring-boot-starter-web/2.4.5/spring-boot-starter-web-2.4.5.jar:/Users/architsangal/.m2/repository/org/springframework/boot/spring-boot-starter-json/2.4.5/spring-boot-starter-json-2.4.5.jar:/Users/architsangal/.m2/repository/com/fasterxml/jackson/datatype/jackson-datatype-jdk8/2.11.4/jackson-datatype-jdk8-2.11.4.jar:/Users/architsangal/.m2/repository/com/fasterxml/jackson/datatype/jackson-datatype-jsr310/2.11.4/jackson-datatype-jsr310-2.11.4.jar:/Users/architsangal/.m2/repository/com/fasterxml/jackson/module/jackson-module-parameter-names/2.11.4/jackson-module-parameter-names-2.11.4.jar:/Users/architsangal/.m2/repository/org/springframework/boot/spring-boot-starter-tomcat/2.4.5/spring-boot-starter-tomcat-2.4.5.jar:/Users/architsangal/.m2/repository/org/apache/tomcat/embed/tomcat-embed-core/9.0.45/tomcat-embed-core-9.0.45.jar:/Users/architsangal/.m2/repository/org/glassfish/jakarta.el/3.0.3/jakarta.el-3.0.3.jar:/Users/architsangal/.m2/repository/org/apache/tomcat/embed/tomcat-embed-websocket/9.0.45/tomcat-embed-websocket-9.0.45.jar:/Users/architsangal/.m2/repository/org/springframework/spring-web/5.3.6/spring-web-5.3.6.jar:/Users/architsangal/.m2/repository/org/springframework/spring-webmvc/5.3.6/spring-webmvc-5.3.6.jar:/Users/architsangal/.m2/repository/org/springframework/spring-expression/5.3.6/spring-expression-5.3.6.jar:/Users/architsangal/.m2/repository/mysql/mysql-connector-java/8.0.25/mysql-connector-java-8.0.25.jar:/Users/architsangal/.m2/repository/org/springframework/boot/spring-boot-starter-security/2.5.13/spring-boot-starter-security-2.5.13.jar:/Users/architsangal/.m2/repository/org/springframework/spring-aop/5.3.6/spring-aop-5.3.6.jar:/Users/architsangal/.m2/repository/org/springframework/security/spring-security-config/5.4.6/spring-security-config-5.4.6.jar:/Users/architsangal/.m2/repository/org/springframework/security/spring-security-core/5.4.6/spring-security-core-5.4.6.jar:/Users/architsangal/.m2/repository/org/springframework/security/spring-security-web/5.4.6/spring-security-web-5.4.6.jar:/Users/architsangal/.m2/repository/io/jsonwebtoken/jjwt/0.9.1/jjwt-0.9.1.jar:/Users/architsangal/.m2/repository/com/fasterxml/jackson/core/jackson-databind/2.11.4/jackson-databind-2.11.4.jar:/Users/architsangal/.m2/repository/com/fasterxml/jackson/core/jackson-annotations/2.11.4/jackson-annotations-2.11.4.jar:/Users/architsangal/.m2/repository/com/fasterxml/jackson/core/jackson-core/2.11.4/jackson-core-2.11.4.jar:"/>
    <property name="java.vm.vendor" value="Homebrew"/>
    <property name="sun.arch.data.model" value="64"/>
    <property name="java.vendor.url" value="https://github.com/Homebrew/homebrew-core/issues"/>
    <property name="os.name" value="Mac OS X"/>
    <property name="java.vm.specification.version" value="17"/>
    <property name="sun.java.launcher" value="SUN_STANDARD"/>
    <property name="user.country" value="IN"/>
    <property name="sun.boot.library.path" value="/opt/homebrew/Cellar/openjdk@17/17.0.6/libexec/openjdk.jdk/Contents/Home/lib"/>
    <property name="sun.java.command" value="/Users/architsangal/Data/Projects/Courier-Management-Application/backend/target/surefire/surefirebooter9081959378046965102.jar /Users/architsangal/Data/Projects/Courier-Management-Application/backend/target/surefire 2023-04-20T13-27-19_501-jvmRun1 surefire8150937571938587014tmp surefire_012709198299102543892tmp"/>
    <property name="http.nonProxyHosts" value="local|*.local|169.254/16|*.169.254/16"/>
    <property name="jdk.debug" value="release"/>
    <property name="surefire.test.class.path" value="/Users/architsangal/Data/Projects/Courier-Management-Application/backend/target/test-classes:/Users/architsangal/Data/Projects/Courier-Management-Application/backend/target/classes:/Users/architsangal/.m2/repository/org/springframework/boot/spring-boot-starter/2.5.13/spring-boot-starter-2.5.13.jar:/Users/architsangal/.m2/repository/org/springframework/boot/spring-boot/2.4.5/spring-boot-2.4.5.jar:/Users/architsangal/.m2/repository/org/springframework/spring-context/5.3.6/spring-context-5.3.6.jar:/Users/architsangal/.m2/repository/org/springframework/boot/spring-boot-autoconfigure/2.4.5/spring-boot-autoconfigure-2.4.5.jar:/Users/architsangal/.m2/repository/org/springframework/boot/spring-boot-starter-logging/2.4.5/spring-boot-starter-logging-2.4.5.jar:/Users/architsangal/.m2/repository/ch/qos/logback/logback-classic/1.2.3/logback-classic-1.2.3.jar:/Users/architsangal/.m2/repository/ch/qos/logback/logback-core/1.2.3/logback-core-1.2.3.jar:/Users/architsangal/.m2/repository/org/apache/logging/log4j/log4j-to-slf4j/2.13.3/log4j-to-slf4j-2.13.3.jar:/Users/architsangal/.m2/repository/org/apache/logging/log4j/log4j-api/2.13.3/log4j-api-2.13.3.jar:/Users/architsangal/.m2/repository/org/slf4j/jul-to-slf4j/1.7.30/jul-to-slf4j-1.7.30.jar:/Users/architsangal/.m2/repository/jakarta/annotation/jakarta.annotation-api/1.3.5/jakarta.annotation-api-1.3.5.jar:/Users/architsangal/.m2/repository/org/springframework/spring-core/5.3.6/spring-core-5.3.6.jar:/Users/architsangal/.m2/repository/org/springframework/spring-jcl/5.3.6/spring-jcl-5.3.6.jar:/Users/architsangal/.m2/repository/org/yaml/snakeyaml/1.27/snakeyaml-1.27.jar:/Users/architsangal/.m2/repository/org/springframework/boot/spring-boot-starter-test/2.5.13/spring-boot-starter-test-2.5.13.jar:/Users/architsangal/.m2/repository/org/springframework/boot/spring-boot-test/2.4.5/spring-boot-test-2.4.5.jar:/Users/architsangal/.m2/repository/org/springframework/boot/spring-boot-test-autoconfigure/2.4.5/spring-boot-test-autoconfigure-2.4.5.jar:/Users/architsangal/.m2/repository/com/jayway/jsonpath/json-path/2.4.0/json-path-2.4.0.jar:/Users/architsangal/.m2/repository/net/minidev/json-smart/2.3/json-smart-2.3.jar:/Users/architsangal/.m2/repository/net/minidev/accessors-smart/1.2/accessors-smart-1.2.jar:/Users/architsangal/.m2/repository/org/ow2/asm/asm/5.0.4/asm-5.0.4.jar:/Users/architsangal/.m2/repository/org/slf4j/slf4j-api/1.7.30/slf4j-api-1.7.30.jar:/Users/architsangal/.m2/repository/jakarta/xml/bind/jakarta.xml.bind-api/2.3.3/jakarta.xml.bind-api-2.3.3.jar:/Users/architsangal/.m2/repository/jakarta/activation/jakarta.activation-api/1.2.2/jakarta.activation-api-1.2.2.jar:/Users/architsangal/.m2/repository/org/assertj/assertj-core/3.18.1/assertj-core-3.18.1.jar:/Users/architsangal/.m2/repository/org/hamcrest/hamcrest/2.2/hamcrest-2.2.jar:/Users/architsangal/.m2/repository/org/junit/jupiter/junit-jupiter/5.7.1/junit-jupiter-5.7.1.jar:/Users/architsangal/.m2/repository/org/junit/jupiter/junit-jupiter-api/5.7.1/junit-jupiter-api-5.7.1.jar:/Users/architsangal/.m2/repository/org/apiguardian/apiguardian-api/1.1.0/apiguardian-api-1.1.0.jar:/Users/architsangal/.m2/repository/org/opentest4j/opentest4j/1.2.0/opentest4j-1.2.0.jar:/Users/architsangal/.m2/repository/org/junit/platform/junit-platform-commons/1.7.1/junit-platform-commons-1.7.1.jar:/Users/architsangal/.m2/repository/org/junit/jupiter/junit-jupiter-params/5.7.1/junit-jupiter-params-5.7.1.jar:/Users/architsangal/.m2/repository/org/junit/jupiter/junit-jupiter-engine/5.7.1/junit-jupiter-engine-5.7.1.jar:/Users/architsangal/.m2/repository/org/junit/platform/junit-platform-engine/1.7.1/junit-platform-engine-1.7.1.jar:/Users/architsangal/.m2/repository/org/mockito/mockito-core/3.6.28/mockito-core-3.6.28.jar:/Users/architsangal/.m2/repository/net/bytebuddy/byte-buddy/1.10.22/byte-buddy-1.10.22.jar:/Users/architsangal/.m2/repository/net/bytebuddy/byte-buddy-agent/1.10.22/byte-buddy-agent-1.10.22.jar:/Users/architsangal/.m2/repository/org/objenesis/objenesis/3.1/objenesis-3.1.jar:/Users/architsangal/.m2/repository/org/mockito/mockito-junit-jupiter/3.6.28/mockito-junit-jupiter-3.6.28.jar:/Users/architsangal/.m2/repository/org/skyscreamer/jsonassert/1.5.0/jsonassert-1.5.0.jar:/Users/architsangal/.m2/repository/com/vaadin/external/google/android-json/0.0.20131108.vaadin1/android-json-0.0.20131108.vaadin1.jar:/Users/architsangal/.m2/repository/org/springframework/spring-test/5.3.6/spring-test-5.3.6.jar:/Users/architsangal/.m2/repository/org/xmlunit/xmlunit-core/2.7.0/xmlunit-core-2.7.0.jar:/Users/architsangal/.m2/repository/org/springframework/boot/spring-boot-starter-data-jpa/2.5.13/spring-boot-starter-data-jpa-2.5.13.jar:/Users/architsangal/.m2/repository/org/springframework/boot/spring-boot-starter-aop/2.4.5/spring-boot-starter-aop-2.4.5.jar:/Users/architsangal/.m2/repository/org/aspectj/aspectjweaver/1.9.6/aspectjweaver-1.9.6.jar:/Users/architsangal/.m2/repository/org/springframework/boot/spring-boot-starter-jdbc/2.4.5/spring-boot-starter-jdbc-2.4.5.jar:/Users/architsangal/.m2/repository/com/zaxxer/HikariCP/3.4.5/HikariCP-3.4.5.jar:/Users/architsangal/.m2/repository/org/springframework/spring-jdbc/5.3.6/spring-jdbc-5.3.6.jar:/Users/architsangal/.m2/repository/jakarta/transaction/jakarta.transaction-api/1.3.3/jakarta.transaction-api-1.3.3.jar:/Users/architsangal/.m2/repository/jakarta/persistence/jakarta.persistence-api/2.2.3/jakarta.persistence-api-2.2.3.jar:/Users/architsangal/.m2/repository/org/hibernate/hibernate-core/5.4.30.Final/hibernate-core-5.4.30.Final.jar:/Users/architsangal/.m2/repository/org/jboss/logging/jboss-logging/3.4.1.Final/jboss-logging-3.4.1.Final.jar:/Users/architsangal/.m2/repository/org/javassist/javassist/3.27.0-GA/javassist-3.27.0-GA.jar:/Users/architsangal/.m2/repository/antlr/antlr/2.7.7/antlr-2.7.7.jar:/Users/architsangal/.m2/repository/org/jboss/jandex/2.2.3.Final/jandex-2.2.3.Final.jar:/Users/architsangal/.m2/repository/com/fasterxml/classmate/1.5.1/classmate-1.5.1.jar:/Users/architsangal/.m2/repository/org/dom4j/dom4j/2.1.3/dom4j-2.1.3.jar:/Users/architsangal/.m2/repository/org/hibernate/common/hibernate-commons-annotations/5.1.2.Final/hibernate-commons-annotations-5.1.2.Final.jar:/Users/architsangal/.m2/repository/org/glassfish/jaxb/jaxb-runtime/2.3.4/jaxb-runtime-2.3.4.jar:/Users/architsangal/.m2/repository/org/glassfish/jaxb/txw2/2.3.4/txw2-2.3.4.jar:/Users/architsangal/.m2/repository/com/sun/istack/istack-commons-runtime/3.0.12/istack-commons-runtime-3.0.12.jar:/Users/architsangal/.m2/repository/com/sun/activation/jakarta.activation/1.2.2/jakarta.activation-1.2.2.jar:/Users/architsangal/.m2/repository/org/springframework/data/spring-data-jpa/2.4.8/spring-data-jpa-2.4.8.jar:/Users/architsangal/.m2/repository/org/springframework/data/spring-data-commons/2.4.8/spring-data-commons-2.4.8.jar:/Users/architsangal/.m2/repository/org/springframework/spring-orm/5.3.6/spring-orm-5.3.6.jar:/Users/architsangal/.m2/repository/org/springframework/spring-tx/5.3.6/spring-tx-5.3.6.jar:/Users/architsangal/.m2/repository/org/springframework/spring-beans/5.3.6/spring-beans-5.3.6.jar:/Users/architsangal/.m2/repository/org/springframework/spring-aspects/5.3.6/spring-aspects-5.3.6.jar:/Users/architsangal/.m2/repository/org/springframework/boot/spring-boot-starter-web/2.4.5/spring-boot-starter-web-2.4.5.jar:/Users/architsangal/.m2/repository/org/springframework/boot/spring-boot-starter-json/2.4.5/spring-boot-starter-json-2.4.5.jar:/Users/architsangal/.m2/repository/com/fasterxml/jackson/datatype/jackson-datatype-jdk8/2.11.4/jackson-datatype-jdk8-2.11.4.jar:/Users/architsangal/.m2/repository/com/fasterxml/jackson/datatype/jackson-datatype-jsr310/2.11.4/jackson-datatype-jsr310-2.11.4.jar:/Users/architsangal/.m2/repository/com/fasterxml/jackson/module/jackson-module-parameter-names/2.11.4/jackson-module-parameter-names-2.11.4.jar:/Users/architsangal/.m2/repository/org/springframework/boot/spring-boot-starter-tomcat/2.4.5/spring-boot-starter-tomcat-2.4.5.jar:/Users/architsangal/.m2/repository/org/apache/tomcat/embed/tomcat-embed-core/9.0.45/tomcat-embed-core-9.0.45.jar:/Users/architsangal/.m2/repository/org/glassfish/jakarta.el/3.0.3/jakarta.el-3.0.3.jar:/Users/architsangal/.m2/repository/org/apache/tomcat/embed/tomcat-embed-websocket/9.0.45/tomcat-embed-websocket-9.0.45.jar:/Users/architsangal/.m2/repository/org/springframework/spring-web/5.3.6/spring-web-5.3.6.jar:/Users/architsangal/.m2/repository/org/springframework/spring-webmvc/5.3.6/spring-webmvc-5.3.6.jar:/Users/architsangal/.m2/repository/org/springframework/spring-expression/5.3.6/spring-expression-5.3.6.jar:/Users/architsangal/.m2/repository/mysql/mysql-connector-java/8.0.25/mysql-connector-java-8.0.25.jar:/Users/architsangal/.m2/repository/org/springframework/boot/spring-boot-starter-security/2.5.13/spring-boot-starter-security-2.5.13.jar:/Users/architsangal/.m2/repository/org/springframework/spring-aop/5.3.6/spring-aop-5.3.6.jar:/Users/architsangal/.m2/repository/org/springframework/security/spring-security-config/5.4.6/spring-security-config-5.4.6.jar:/Users/architsangal/.m2/repository/org/springframework/security/spring-security-core/5.4.6/spring-security-core-5.4.6.jar:/Users/architsangal/.m2/repository/org/springframework/security/spring-security-web/5.4.6/spring-security-web-5.4.6.jar:/Users/architsangal/.m2/repository/io/jsonwebtoken/jjwt/0.9.1/jjwt-0.9.1.jar:/Users/architsangal/.m2/repository/com/fasterxml/jackson/core/jackson-databind/2.11.4/jackson-databind-2.11.4.jar:/Users/architsangal/.m2/repository/com/fasterxml/jackson/core/jackson-annotations/2.11.4/jackson-annotations-2.11.4.jar:/Users/architsangal/.m2/repository/com/fasterxml/jackson/core/jackson-core/2.11.4/jackson-core-2.11.4.jar:"/>
    <property name="sun.cpu.endian" value="little"/>
    <property name="user.home" value="/Users/architsangal"/>
    <property name="user.language" value="en"/>
    <property name="java.specification.vendor" value="Oracle Corporation"/>
    <property name="java.version.date" value="2023-01-17"/>
    <property name="java.home" value="/opt/homebrew/Cellar/openjdk@17/17.0.6/libexec/openjdk.jdk/Contents/Home"/>
    <property name="file.separator" value="/"/>
    <property name="basedir" value="/Users/architsangal/Data/Projects/Courier-Management-Application/backend"/>
    <property name="java.vm.compressedOopsMode" value="Zero based"/>
    <property name="line.separator" value="&#10;"/>
    <property name="java.specification.name" value="Java Platform API Specification"/>
    <property name="java.vm.specification.vendor" value="Oracle Corporation"/>
    <property name="surefire.real.class.path" value="/Users/architsangal/Data/Projects/Courier-Management-Application/backend/target/surefire/surefirebooter9081959378046965102.jar"/>
    <property name="sun.management.compiler" value="HotSpot 64-Bit Tiered Compilers"/>
    <property name="ftp.nonProxyHosts" value="local|*.local|169.254/16|*.169.254/16"/>
    <property name="java.runtime.version" value="17.0.6+0"/>
    <property name="user.name" value="architsangal"/>
    <property name="path.separator" value=":"/>
    <property name="os.version" value="13.2.1"/>
    <property name="java.runtime.name" value="OpenJDK Runtime Environment"/>
    <property name="file.encoding" value="UTF-8"/>
    <property name="java.vm.name" value="OpenJDK 64-Bit Server VM"/>
    <property name="java.vendor.version" value="Homebrew"/>
    <property name="localRepository" value="/Users/architsangal/.m2/repository"/>
    <property name="java.vendor.url.bug" value="https://github.com/Homebrew/homebrew-core/issues"/>
    <property name="java.io.tmpdir" value="/var/folders/jc/9kd8dq1j23z0mwhx01h5vq5w0000gn/T/"/>
    <property name="java.version" value="17.0.6"/>
    <property name="user.dir" value="/Users/architsangal/Data/Projects/Courier-Management-Application/backend"/>
    <property name="os.arch" value="aarch64"/>
    <property name="java.vm.specification.name" value="Java Virtual Machine Specification"/>
    <property name="native.encoding" value="UTF-8"/>
    <property name="java.library.path" value="/Users/architsangal/Library/Java/Extensions:/Library/Java/Extensions:/Network/Library/Java/Extensions:/System/Library/Java/Extensions:/usr/lib/java:."/>
    <property name="java.vm.info" value="mixed mode, sharing"/>
    <property name="java.vendor" value="Homebrew"/>
    <property name="java.vm.version" value="17.0.6+0"/>
    <property name="sun.io.unicode.encoding" value="UnicodeBig"/>
    <property name="socksNonProxyHosts" value="local|*.local|169.254/16|*.169.254/16"/>
    <property name="java.class.version" value="61.0"/>
  </properties>
  <testcase name="contextLoads" classname="com.iiitb.CourierManagement.CourierManagementApplicationTests" time="0.087"/>
</testsuite>